<?xml version="1.0" encoding="UTF-8"?>
<!-- Generated by org.testng.reporters.JUnitReportReporter -->
<testsuite hostname="Portatil" name="com.retailShop.testCases.ATC_RegisterTest_001" tests="1" failures="0" timestamp="14 Aug 2020 23:37:27 GMT" time="5.955" errors="0">
  <testcase name="registrar" time="5.955" classname="com.retailShop.testCases.ATC_RegisterTest_001"/>
</testsuite> <!-- com.retailShop.testCases.ATC_RegisterTest_001 -->
